Making check in lib
make[1]: Map '/cygdrive/j/Textproc/sed/4.2.1/sed-4.2.1/lib' wordt binnengegaan
make.exe  check-recursive
make[2]: Map '/cygdrive/j/Textproc/sed/4.2.1/sed-4.2.1/lib' wordt binnengegaan
make[3]: Map '/cygdrive/j/Textproc/sed/4.2.1/sed-4.2.1/lib' wordt binnengegaan
make[3]: Er is niets te doen voor 'check-am'.
make[3]: Map '/cygdrive/j/Textproc/sed/4.2.1/sed-4.2.1/lib' wordt verlaten
make[2]: Map '/cygdrive/j/Textproc/sed/4.2.1/sed-4.2.1/lib' wordt verlaten
make[1]: Map '/cygdrive/j/Textproc/sed/4.2.1/sed-4.2.1/lib' wordt verlaten
Making check in po
make[1]: Map '/cygdrive/j/Textproc/sed/4.2.1/sed-4.2.1/po' wordt binnengegaan
make[1]: Er is niets te doen voor 'check'.
make[1]: Map '/cygdrive/j/Textproc/sed/4.2.1/sed-4.2.1/po' wordt verlaten
Making check in sed
make[1]: Map '/cygdrive/j/Textproc/sed/4.2.1/sed-4.2.1/sed' wordt binnengegaan
make[1]: Er is niets te doen voor 'check'.
make[1]: Map '/cygdrive/j/Textproc/sed/4.2.1/sed-4.2.1/sed' wordt verlaten
Making check in doc
make[1]: Map '/cygdrive/j/Textproc/sed/4.2.1/sed-4.2.1/doc' wordt binnengegaan
make[1]: Er is niets te doen voor 'check'.
make[1]: Map '/cygdrive/j/Textproc/sed/4.2.1/sed-4.2.1/doc' wordt verlaten
Making check in testsuite
make[1]: Map '/cygdrive/j/Textproc/sed/4.2.1/sed-4.2.1/testsuite' wordt binnengegaan
make.exe  
make[2]: Map '/cygdrive/j/Textproc/sed/4.2.1/sed-4.2.1/testsuite' wordt binnengegaan
make[2]: Er is niets te doen voor 'all'.
make[2]: Map '/cygdrive/j/Textproc/sed/4.2.1/sed-4.2.1/testsuite' wordt verlaten
make.exe  check-TESTS
make[2]: Map '/cygdrive/j/Textproc/sed/4.2.1/sed-4.2.1/testsuite' wordt binnengegaan
PASS: appquit
PASS: enable
PASS: sep
PASS: inclib
PASS: 8bit
PASS: newjis
PASS: xabcx
PASS: dollar
PASS: noeol
PASS: noeolw
PASS: modulo
PASS: numsub
PASS: numsub2
PASS: numsub3
PASS: numsub4
PASS: numsub5
PASS: 0range
PASS: bkslashes
PASS: head
PASS: madding
PASS: mac-mf
PASS: empty
PASS: xbxcx
PASS: xbxcx3
PASS: recall
PASS: recall2
PASS: xemacs
PASS: fasts
PASS: uniq
PASS: manis
PASS: khadafy
PASS: linecnt
PASS: eval
PASS: distrib
PASS: 8to7
PASS: y-bracket
PASS: y-newline
PASS: allsub
PASS: cv-vars
PASS: classes
PASS: middle
XPASS: bsd
PASS: stdin
PASS: flipcase
PASS: insens
PASS: subwrite
PASS: writeout
PASS: readin
PASS: insert
SKIP: utf8-1
SKIP: utf8-2
SKIP: utf8-3
SKIP: utf8-4
PASS: badenc
PASS: inplace-hold
PASS: brackets
PASS: help
PASS: version
PASS: file
PASS: quiet
PASS: factor
PASS: binary3
PASS: binary2
PASS: binary
PASS: dc
==============================================================
1 of 61 tests did not behave as expected (1 unexpected passes)
(4 tests were not run)
Please report to bug-gnu-utils@gnu.org
==============================================================
make[2]: [check-TESTS] Fout 1 (genegeerd)
make[2]: Map '/cygdrive/j/Textproc/sed/4.2.1/sed-4.2.1/testsuite' wordt verlaten
make[1]: Map '/cygdrive/j/Textproc/sed/4.2.1/sed-4.2.1/testsuite' wordt verlaten
make[1]: Map '/cygdrive/j/Textproc/sed/4.2.1/sed-4.2.1' wordt binnengegaan
make[1]: Map '/cygdrive/j/Textproc/sed/4.2.1/sed-4.2.1' wordt verlaten
